[2024-12-12 04:20:44] System initiated.
[2024-12-12 04:21:13] Ticketing system started with 2 vendors and 1 customers.
[2024-12-12 04:21:13] [INFO] Vendor-1 added 1 tickets.
[2024-12-12 04:21:13] [INFO] Vendor-2 added 1 tickets.
[2024-12-12 04:21:13] [INFO] Vendor-1 released 1 tickets.
[2024-12-12 04:21:13] [INFO] Vendor-2 released 1 tickets.
[2024-12-12 04:21:13] [INFO] Customer-1 purchased Ticket-1.
[2024-12-12 04:21:15] [INFO] Vendor-2 added 1 tickets.
[2024-12-12 04:21:15] [INFO] Vendor-2 released 1 tickets.
[2024-12-12 04:21:15] [INFO] Vendor-1 added 1 tickets.
[2024-12-12 04:21:15] [INFO] Vendor-1 released 1 tickets.
[2024-12-12 04:21:17] [INFO] Vendor-1 added 1 tickets.
[2024-12-12 04:21:17] [INFO] Vendor-1 released 1 tickets.
[2024-12-12 04:21:17] [INFO] Vendor-2 added 1 tickets.
[2024-12-12 04:21:17] [INFO] Vendor-2 released 1 tickets.
[2024-12-12 04:21:18] [INFO] Customer-1 purchased Ticket-2.
[2024-12-12 04:21:19] [INFO] Vendor-1 added 1 tickets.
[2024-12-12 04:21:19] [INFO] Vendor-1 released 1 tickets.
[2024-12-12 04:21:19] [WARNING] Vendor-2: Pool is full.
[2024-12-12 04:21:19] [INFO] Vendor-2 released 1 tickets.
[2024-12-12 04:21:21] [WARNING] Vendor-2: Pool is full.
[2024-12-12 04:21:21] [INFO] Vendor-2 released 1 tickets.
[2024-12-12 04:21:21] [WARNING] Vendor-1: Pool is full.
[2024-12-12 04:21:21] [INFO] Vendor-1 released 1 tickets.
[2024-12-12 04:21:23] [INFO] Customer-1 purchased Ticket-3.
[2024-12-12 04:21:23] [INFO] Vendor-1 added 1 tickets.
[2024-12-12 04:21:23] [INFO] Vendor-1 released 1 tickets.
[2024-12-12 04:21:23] [WARNING] Vendor-2: Pool is full.
[2024-12-12 04:21:23] [INFO] Vendor-2 released 1 tickets.
[2024-12-12 04:21:25] [WARNING] Vendor-1: Pool is full.
[2024-12-12 04:21:25] [INFO] Vendor-1 released 1 tickets.
[2024-12-12 04:21:25] [WARNING] Vendor-2: Pool is full.
[2024-12-12 04:21:25] [INFO] Vendor-2 released 1 tickets.
[2024-12-12 04:21:27] [WARNING] Vendor-1: Pool is full.
[2024-12-12 04:21:27] [INFO] Vendor-1 released 1 tickets.
[2024-12-12 04:21:27] [WARNING] Vendor-2: Pool is full.
[2024-12-12 04:21:27] [INFO] Vendor-2 released 1 tickets.
[2024-12-12 04:21:28] [INFO] Customer-1 purchased Ticket-4.
[2024-12-12 04:21:29] [INFO] Vendor-2 added 1 tickets.
[2024-12-12 04:21:29] [WARNING] Vendor-1: Pool is full.
[2024-12-12 04:21:29] [INFO] Vendor-2 released 1 tickets.
[2024-12-12 04:21:29] [INFO] Vendor-1 released 1 tickets.
[2024-12-12 04:21:31] [WARNING] Vendor-2: Pool is full.
[2024-12-12 04:21:31] [INFO] Vendor-2 released 1 tickets.
[2024-12-12 04:21:31] [WARNING] Vendor-1: Pool is full.
[2024-12-12 04:21:31] [INFO] Vendor-1 released 1 tickets.
[2024-12-12 04:21:33] [INFO] Customer-1 purchased Ticket-5.
[2024-12-12 04:21:33] [INFO] Vendor-2 added 1 tickets.
[2024-12-12 04:21:33] [INFO] Vendor-2 released 1 tickets.
[2024-12-12 04:21:33] [WARNING] Vendor-1: Pool is full.
[2024-12-12 04:21:33] [INFO] Vendor-1 released 1 tickets.
[2024-12-12 04:21:35] [WARNING] Vendor-2: Pool is full.
[2024-12-12 04:21:35] [INFO] Vendor-2 released 1 tickets.
[2024-12-12 04:21:35] [WARNING] Vendor-1: Pool is full.
[2024-12-12 04:21:35] [INFO] Vendor-1 released 1 tickets.
[2024-12-12 04:21:37] [WARNING] Vendor-1: Pool is full.
[2024-12-12 04:21:37] [INFO] Vendor-1 released 1 tickets.
[2024-12-12 04:21:37] [WARNING] Vendor-2: Pool is full.
[2024-12-12 04:21:37] [INFO] Vendor-2 released 1 tickets.
[2024-12-12 04:21:38] [INFO] Customer-1 purchased Ticket-6.
[2024-12-12 04:21:39] [INFO] Vendor-2 added 1 tickets.
[2024-12-12 04:21:39] [INFO] Vendor-2 released 1 tickets.
[2024-12-12 04:21:39] [WARNING] Vendor-1: Pool is full.
[2024-12-12 04:21:39] [INFO] Vendor-1 released 1 tickets.
[2024-12-12 04:21:41] [WARNING] Vendor-2: Pool is full.
[2024-12-12 04:21:41] [INFO] Vendor-2 released 1 tickets.
[2024-12-12 04:21:41] [WARNING] Vendor-1: Pool is full.
[2024-12-12 04:21:41] [INFO] Vendor-1 released 1 tickets.
[2024-12-12 04:21:43] [INFO] Customer-1 purchased Ticket-7.
[2024-12-12 04:21:43] [INFO] Vendor-2 added 1 tickets.
[2024-12-12 04:21:43] [INFO] Vendor-2 released 1 tickets.
[2024-12-12 04:21:43] [WARNING] Vendor-1: Pool is full.
[2024-12-12 04:21:43] [INFO] Vendor-1 released 1 tickets.
[2024-12-12 04:21:45] [WARNING] Vendor-2: Pool is full.
[2024-12-12 04:21:45] [INFO] Vendor-2 released 1 tickets.
[2024-12-12 04:21:45] [WARNING] Vendor-1: Pool is full.
[2024-12-12 04:21:45] [INFO] Vendor-1 released 1 tickets.
[2024-12-12 04:21:47] [WARNING] Vendor-2: Pool is full.
[2024-12-12 04:21:47] [INFO] Vendor-2 released 1 tickets.
[2024-12-12 04:21:47] [WARNING] Vendor-1: Pool is full.
[2024-12-12 04:21:47] [INFO] Vendor-1 released 1 tickets.
[2024-12-12 04:21:48] [INFO] Customer-1 purchased Ticket-8.
[2024-12-12 04:21:49] [INFO] Vendor-2 added 1 tickets.
[2024-12-12 04:21:49] [INFO] Vendor-2 released 1 tickets.
[2024-12-12 04:21:49] [WARNING] Vendor-1: Pool is full.
[2024-12-12 04:21:49] [INFO] Vendor-1 released 1 tickets.
[2024-12-12 04:21:51] [WARNING] Vendor-2: Pool is full.
[2024-12-12 04:21:51] [INFO] Vendor-2 released 1 tickets.
[2024-12-12 04:21:51] [WARNING] Vendor-1: Pool is full.
[2024-12-12 04:21:51] [INFO] Vendor-1 released 1 tickets.
[2024-12-12 04:21:53] [INFO] Customer-1 purchased Ticket-9.
[2024-12-12 04:21:53] [INFO] Vendor-1 added 1 tickets.
[2024-12-12 04:21:53] [INFO] Vendor-1 released 1 tickets.
[2024-12-12 04:21:53] [WARNING] Vendor-2: Pool is full.
[2024-12-12 04:21:53] [INFO] Vendor-2 released 1 tickets.
[2024-12-12 04:21:55] [WARNING] Vendor-1: Pool is full.
[2024-12-12 04:21:55] [INFO] Vendor-1 released 1 tickets.
[2024-12-12 04:21:55] [WARNING] Vendor-2: Pool is full.
[2024-12-12 04:21:55] [INFO] Vendor-2 released 1 tickets.
[2024-12-12 04:21:57] [WARNING] Vendor-1: Pool is full.
[2024-12-12 04:21:57] [INFO] Vendor-1 released 1 tickets.
[2024-12-12 04:21:57] [WARNING] Vendor-2: Pool is full.
[2024-12-12 04:21:57] [INFO] Vendor-2 released 1 tickets.
[2024-12-12 04:21:58] [INFO] Customer-1 purchased Ticket-10.
[2024-12-12 04:21:59] [INFO] Vendor-1 added 1 tickets.
[2024-12-12 04:21:59] [INFO] Vendor-1 released 1 tickets.
[2024-12-12 04:21:59] [WARNING] Vendor-2: Pool is full.
[2024-12-12 04:21:59] [INFO] Vendor-2 released 1 tickets.
[2024-12-12 04:22:01] [WARNING] Vendor-2: Pool is full.
[2024-12-12 04:22:01] [INFO] Vendor-2 released 1 tickets.
[2024-12-12 04:22:01] [WARNING] Vendor-1: Pool is full.
[2024-12-12 04:22:01] [INFO] Vendor-1 released 1 tickets.
[2024-12-12 04:22:03] [INFO] Customer-1 purchased Ticket-11.
[2024-12-12 04:22:03] [INFO] Vendor-2 added 1 tickets.
[2024-12-12 04:22:03] [INFO] Vendor-2 released 1 tickets.
[2024-12-12 04:22:03] [WARNING] Vendor-1: Pool is full.
[2024-12-12 04:22:03] [INFO] Vendor-1 released 1 tickets.
[2024-12-12 04:22:05] [WARNING] Vendor-2: Pool is full.
[2024-12-12 04:22:05] [INFO] Vendor-2 released 1 tickets.
[2024-12-12 04:22:05] [WARNING] Vendor-1: Pool is full.
[2024-12-12 04:22:05] [INFO] Vendor-1 released 1 tickets.
[2024-12-12 04:22:07] [WARNING] Vendor-1: Pool is full.
[2024-12-12 04:22:07] [INFO] Vendor-1 released 1 tickets.
[2024-12-12 04:22:07] [WARNING] Vendor-2: Pool is full.
[2024-12-12 04:22:07] [INFO] Vendor-2 released 1 tickets.
[2024-12-12 04:22:08] [INFO] Customer-1 purchased Ticket-12.
[2024-12-12 04:22:09] [INFO] Vendor-1 added 1 tickets.
[2024-12-12 04:22:09] [INFO] Vendor-1 released 1 tickets.
[2024-12-12 04:22:09] [WARNING] Vendor-2: Pool is full.
[2024-12-12 04:22:09] [INFO] Vendor-2 released 1 tickets.
[2024-12-12 04:22:11] [WARNING] Vendor-2: Pool is full.
[2024-12-12 04:22:11] [INFO] Vendor-2 released 1 tickets.
[2024-12-12 04:22:11] [WARNING] Vendor-1: Pool is full.
[2024-12-12 04:22:11] [INFO] Vendor-1 released 1 tickets.
[2024-12-12 04:22:13] [INFO] Customer-1 purchased Ticket-13.
[2024-12-12 04:22:13] [INFO] Vendor-2 added 1 tickets.
[2024-12-12 04:22:13] [INFO] Vendor-2 released 1 tickets.
[2024-12-12 04:22:13] [WARNING] Vendor-1: Pool is full.
[2024-12-12 04:22:13] [INFO] Vendor-1 released 1 tickets.
[2024-12-12 04:22:15] [WARNING] Vendor-2: Pool is full.
[2024-12-12 04:22:15] [INFO] Vendor-2 released 1 tickets.
[2024-12-12 04:22:15] [WARNING] Vendor-1: Pool is full.
[2024-12-12 04:22:15] [INFO] Vendor-1 released 1 tickets.
[2024-12-12 04:22:17] [WARNING] Vendor-1: Pool is full.
[2024-12-12 04:22:17] [INFO] Vendor-1 released 1 tickets.
[2024-12-12 04:22:17] [WARNING] Vendor-2: Pool is full.
[2024-12-12 04:22:17] [INFO] Vendor-2 released 1 tickets.
[2024-12-12 04:22:18] [INFO] Customer-1 purchased Ticket-14.
[2024-12-12 04:22:19] [INFO] Vendor-1 added 1 tickets.
[2024-12-12 04:22:19] [WARNING] Vendor-2: Pool is full.
[2024-12-12 04:22:19] [INFO] Vendor-1 released 1 tickets.
[2024-12-12 04:22:19] [INFO] Vendor-2 released 1 tickets.
[2024-12-12 04:22:21] [WARNING] Vendor-1: Pool is full.
[2024-12-12 04:22:21] [INFO] Vendor-1 released 1 tickets.
[2024-12-12 04:22:21] [WARNING] Vendor-2: Pool is full.
[2024-12-12 04:22:21] [INFO] Vendor-2 released 1 tickets.
[2024-12-12 04:22:23] [INFO] Customer-1 purchased Ticket-15.
[2024-12-12 04:22:23] [INFO] Vendor-1 added 1 tickets.
[2024-12-12 04:22:23] [INFO] Vendor-1 released 1 tickets.
[2024-12-12 04:22:23] [INFO] Vendor-2: Total ticket limit reached.
[2024-12-12 04:22:23] [INFO] Vendor-2: Total ticket limit reached. Cannot add more tickets.
[2024-12-12 04:22:25] [INFO] Vendor-1: Total ticket limit reached.
[2024-12-12 04:22:25] [INFO] Vendor-1: Total ticket limit reached. Cannot add more tickets.
[2024-12-12 04:22:28] [INFO] Customer-1 purchased Ticket-16.
[2024-12-12 04:22:33] [INFO] Customer-1 purchased Ticket-17.
[2024-12-12 04:22:38] [INFO] Customer-1 purchased Ticket-18.
[2024-12-12 04:22:43] [INFO] Customer-1 purchased Ticket-19.
[2024-12-12 04:22:48] [INFO] Customer-1 purchased Ticket-20.
[2024-12-12 04:24:47] System initiated.
[2024-12-12 04:24:58] System initiated.
[2024-12-12 04:25:08] System initiated.
[2024-12-12 04:29:48] System initiated.
[2024-12-12 06:45:07] System initiated.
